<?xml version="1.0" encoding="UTF-8"?>
<!-- Generated by org.testng.reporters.JUnitXMLReporter -->
<testsuite hostname="4BKV1G2" ignored="0" name="Add Customer Test" tests="2" failures="0" timestamp="05 Jan 2019 04:24:00 GMT" time="3.554" errors="0">
  <testcase name="addCustomerTest" time="3.449" classname="testcases.AddCustomerTest"/>
  <testcase name="addCustomerTest" time="0.001" classname="testcases.AddCustomerTest">
    <skipped/>
  </testcase> <!-- addCustomerTest -->
</testsuite> <!-- Add Customer Test -->
